0 info it worked if it ends with ok
1 verbose cli [ '/Users/nick/.nvm/versions/node/v5.7.0/bin/node',
1 verbose cli   '/Users/nick/.nvm/versions/node/v5.7.0/bin/npm',
1 verbose cli   'run',
1 verbose cli   'publish' ]
2 info using npm@3.9.5
3 info using node@v5.7.0
4 verbose stack Error: Invalid version: "0.0.4.1"
4 verbose stack     at Object.module.exports.fixVersionField (/Users/nick/.nvm/versions/node/v5.7.0/lib/node_modules/npm/node_modules/normalize-package-data/lib/fixer.js:191:13)
4 verbose stack     at /Users/nick/.nvm/versions/node/v5.7.0/lib/node_modules/npm/node_modules/normalize-package-data/lib/normalize.js:32:38
4 verbose stack     at Array.forEach (native)
4 verbose stack     at normalize (/Users/nick/.nvm/versions/node/v5.7.0/lib/node_modules/npm/node_modules/normalize-package-data/lib/normalize.js:31:15)
4 verbose stack     at final (/Users/nick/.nvm/versions/node/v5.7.0/lib/node_modules/npm/node_modules/read-package-json/read-json.js:349:5)
4 verbose stack     at then (/Users/nick/.nvm/versions/node/v5.7.0/lib/node_modules/npm/node_modules/read-package-json/read-json.js:124:5)
4 verbose stack     at /Users/nick/.nvm/versions/node/v5.7.0/lib/node_modules/npm/node_modules/read-package-json/read-json.js:311:12
4 verbose stack     at /Users/nick/.nvm/versions/node/v5.7.0/lib/node_modules/npm/node_modules/graceful-fs/graceful-fs.js:78:16
4 verbose stack     at tryToString (fs.js:414:3)
4 verbose stack     at FSReqWrap.readFileAfterClose [as oncomplete] (fs.js:401:12)
5 verbose cwd /Users/nick/develop/plasma
6 error Darwin 15.5.0
7 error argv "/Users/nick/.nvm/versions/node/v5.7.0/bin/node" "/Users/nick/.nvm/versions/node/v5.7.0/bin/npm" "run" "publish"
8 error node v5.7.0
9 error npm  v3.9.5
10 error Invalid version: "0.0.4.1"
11 error If you need help, you may report this error at:
11 error     <https://github.com/npm/npm/issues>
12 verbose exit [ 1, true ]
